<?xml version="1.0" encoding="UTF-8"?>
<!-- Generated by org.testng.reporters.JUnitReportReporter -->
<testsuite skipped="0" hostname="DESKTOP-EV4VKSA" name="com.crm.testscripts.AdminTests" tests="3" failures="0" timestamp="09 Nov 2018 10:34:23 GMT" time="32.411" errors="0">
  <testcase name="editAccountWithValidData" time="4.669" classname="com.crm.testscripts.AdminTests"/>
  <testcase name="createAccountsWithValidataData" time="27.356" classname="com.crm.testscripts.AdminTests"/>
  <testcase name="removeCreateAccount" time="0.386" classname="com.crm.testscripts.AdminTests"/>
</testsuite> <!-- com.crm.testscripts.AdminTests -->
